05-08 23:28:33 com_github_MitjaNemec_Archive3DModels.action_archive_3d_models 220:Plugin executed on: 'darwin'
05-08 23:28:33 com_github_MitjaNemec_Archive3DModels.action_archive_3d_models 221:Plugin executed with python version: '3.9.13 (v3.9.13:6de2ca5339, May 17 2022, 11:37:23) \n[Clang 13.0.0 (clang-1300.0.29.30)]'
05-08 23:28:33 com_github_MitjaNemec_Archive3DModels.action_archive_3d_models 222:KiCad build version: 8.0.2
05-08 23:28:33 com_github_MitjaNemec_Archive3DModels.action_archive_3d_models 223:Plugin version: 1.0.11

05-08 23:28:33 com_github_MitjaNemec_Archive3DModels.action_archive_3d_models 228:Screen sizes: [wx.Size(1470, 956)]
05-08 23:28:33 com_github_MitjaNemec_Archive3DModels.action_archive_3d_models 235:Dialog size: wx.Size(213, 81)
05-08 23:28:33 com_github_MitjaNemec_Archive3DModels.action_archive_3d_models 237:Char size: 16
05-08 23:28:54 com_github_MitjaNemec_Archive3DModels.archive_3d_models 26:Starting to archive 3D models
05-08 23:28:54 com_github_MitjaNemec_Archive3DModels.archive_3d_models 47:Getting 3D models for footprint of: H3
05-08 23:28:54 com_github_MitjaNemec_Archive3DModels.archive_3d_models 47:Getting 3D models for footprint of: R2
05-08 23:28:54 com_github_MitjaNemec_Archive3DModels.archive_3d_models 58:Trying to copy: ${KISYS3DMOD}/Resistor_SMD.3dshapes/R_0603_1608Metric.wrl
05-08 23:28:54 com_github_MitjaNemec_Archive3DModels.archive_3d_models 73:Can not find model defined with enviroment variable:
${KISYS3DMOD}/Resistor_SMD.3dshapes/R_0603_1608Metric.wrl
05-08 23:28:54 com_github_MitjaNemec_Archive3DModels.archive_3d_models 134:Did not copy: ${KISYS3DMOD}/Resistor_SMD.3dshapes/R_0603_1608Metric.wrl
05-08 23:28:54 com_github_MitjaNemec_Archive3DModels.archive_3d_models 138:Remapping: ${KISYS3DMOD}/Resistor_SMD.3dshapes/R_0603_1608Metric.wrl
05-08 23:28:54 com_github_MitjaNemec_Archive3DModels.archive_3d_models 47:Getting 3D models for footprint of: U2
05-08 23:28:54 com_github_MitjaNemec_Archive3DModels.archive_3d_models 58:Trying to copy: ${KISYS3DMOD}/Package_TO_SOT_SMD.3dshapes/SOT-23-5.wrl
05-08 23:28:54 com_github_MitjaNemec_Archive3DModels.archive_3d_models 73:Can not find model defined with enviroment variable:
${KISYS3DMOD}/Package_TO_SOT_SMD.3dshapes/SOT-23-5.wrl
05-08 23:28:54 com_github_MitjaNemec_Archive3DModels.archive_3d_models 134:Did not copy: ${KISYS3DMOD}/Package_TO_SOT_SMD.3dshapes/SOT-23-5.wrl
05-08 23:28:54 com_github_MitjaNemec_Archive3DModels.archive_3d_models 138:Remapping: ${KISYS3DMOD}/Package_TO_SOT_SMD.3dshapes/SOT-23-5.wrl
05-08 23:28:54 com_github_MitjaNemec_Archive3DModels.archive_3d_models 47:Getting 3D models for footprint of: J1
05-08 23:28:54 com_github_MitjaNemec_Archive3DModels.archive_3d_models 58:Trying to copy: ${KISYS3DMOD}/Connector_JST.3dshapes/JST_PH_B2B-PH-SM4-TB_1x02-1MP_P2.00mm_Vertical.wrl
05-08 23:28:54 com_github_MitjaNemec_Archive3DModels.archive_3d_models 73:Can not find model defined with enviroment variable:
${KISYS3DMOD}/Connector_JST.3dshapes/JST_PH_B2B-PH-SM4-TB_1x02-1MP_P2.00mm_Vertical.wrl
05-08 23:28:54 com_github_MitjaNemec_Archive3DModels.archive_3d_models 134:Did not copy: ${KISYS3DMOD}/Connector_JST.3dshapes/JST_PH_B2B-PH-SM4-TB_1x02-1MP_P2.00mm_Vertical.wrl
05-08 23:28:54 com_github_MitjaNemec_Archive3DModels.archive_3d_models 138:Remapping: ${KISYS3DMOD}/Connector_JST.3dshapes/JST_PH_B2B-PH-SM4-TB_1x02-1MP_P2.00mm_Vertical.wrl
05-08 23:28:54 com_github_MitjaNemec_Archive3DModels.archive_3d_models 47:Getting 3D models for footprint of: J2
05-08 23:28:54 com_github_MitjaNemec_Archive3DModels.archive_3d_models 58:Trying to copy: ${KISYS3DMOD}/Connector_JST.3dshapes/JST_PH_B3B-PH-SM4-TB_1x03-1MP_P2.00mm_Vertical.wrl
05-08 23:28:54 com_github_MitjaNemec_Archive3DModels.archive_3d_models 73:Can not find model defined with enviroment variable:
${KISYS3DMOD}/Connector_JST.3dshapes/JST_PH_B3B-PH-SM4-TB_1x03-1MP_P2.00mm_Vertical.wrl
05-08 23:28:54 com_github_MitjaNemec_Archive3DModels.archive_3d_models 134:Did not copy: ${KISYS3DMOD}/Connector_JST.3dshapes/JST_PH_B3B-PH-SM4-TB_1x03-1MP_P2.00mm_Vertical.wrl
05-08 23:28:54 com_github_MitjaNemec_Archive3DModels.archive_3d_models 138:Remapping: ${KISYS3DMOD}/Connector_JST.3dshapes/JST_PH_B3B-PH-SM4-TB_1x03-1MP_P2.00mm_Vertical.wrl
05-08 23:28:54 com_github_MitjaNemec_Archive3DModels.archive_3d_models 47:Getting 3D models for footprint of: C1
05-08 23:28:54 com_github_MitjaNemec_Archive3DModels.archive_3d_models 58:Trying to copy: ${KISYS3DMOD}/Capacitor_SMD.3dshapes/C_0603_1608Metric.wrl
05-08 23:28:54 com_github_MitjaNemec_Archive3DModels.archive_3d_models 73:Can not find model defined with enviroment variable:
${KISYS3DMOD}/Capacitor_SMD.3dshapes/C_0603_1608Metric.wrl
05-08 23:28:54 com_github_MitjaNemec_Archive3DModels.archive_3d_models 134:Did not copy: ${KISYS3DMOD}/Capacitor_SMD.3dshapes/C_0603_1608Metric.wrl
05-08 23:28:54 com_github_MitjaNemec_Archive3DModels.archive_3d_models 138:Remapping: ${KISYS3DMOD}/Capacitor_SMD.3dshapes/C_0603_1608Metric.wrl
05-08 23:28:54 com_github_MitjaNemec_Archive3DModels.archive_3d_models 47:Getting 3D models for footprint of: C2
05-08 23:28:54 com_github_MitjaNemec_Archive3DModels.archive_3d_models 58:Trying to copy: ${KISYS3DMOD}/Capacitor_SMD.3dshapes/C_0603_1608Metric.wrl
05-08 23:28:54 com_github_MitjaNemec_Archive3DModels.archive_3d_models 73:Can not find model defined with enviroment variable:
${KISYS3DMOD}/Capacitor_SMD.3dshapes/C_0603_1608Metric.wrl
05-08 23:28:54 com_github_MitjaNemec_Archive3DModels.archive_3d_models 134:Did not copy: ${KISYS3DMOD}/Capacitor_SMD.3dshapes/C_0603_1608Metric.wrl
05-08 23:28:54 com_github_MitjaNemec_Archive3DModels.archive_3d_models 138:Remapping: ${KISYS3DMOD}/Capacitor_SMD.3dshapes/C_0603_1608Metric.wrl
05-08 23:28:54 com_github_MitjaNemec_Archive3DModels.archive_3d_models 47:Getting 3D models for footprint of: C4
05-08 23:28:54 com_github_MitjaNemec_Archive3DModels.archive_3d_models 58:Trying to copy: ${KISYS3DMOD}/Capacitor_SMD.3dshapes/C_0603_1608Metric.wrl
05-08 23:28:54 com_github_MitjaNemec_Archive3DModels.archive_3d_models 73:Can not find model defined with enviroment variable:
${KISYS3DMOD}/Capacitor_SMD.3dshapes/C_0603_1608Metric.wrl
05-08 23:28:54 com_github_MitjaNemec_Archive3DModels.archive_3d_models 134:Did not copy: ${KISYS3DMOD}/Capacitor_SMD.3dshapes/C_0603_1608Metric.wrl
05-08 23:28:54 com_github_MitjaNemec_Archive3DModels.archive_3d_models 138:Remapping: ${KISYS3DMOD}/Capacitor_SMD.3dshapes/C_0603_1608Metric.wrl
05-08 23:28:54 com_github_MitjaNemec_Archive3DModels.archive_3d_models 47:Getting 3D models for footprint of: D1
05-08 23:28:54 com_github_MitjaNemec_Archive3DModels.archive_3d_models 58:Trying to copy: ${KISYS3DMOD}/LED_SMD.3dshapes/LED_0603_1608Metric.wrl
05-08 23:28:54 com_github_MitjaNemec_Archive3DModels.archive_3d_models 73:Can not find model defined with enviroment variable:
${KISYS3DMOD}/LED_SMD.3dshapes/LED_0603_1608Metric.wrl
05-08 23:28:54 com_github_MitjaNemec_Archive3DModels.archive_3d_models 134:Did not copy: ${KISYS3DMOD}/LED_SMD.3dshapes/LED_0603_1608Metric.wrl
05-08 23:28:54 com_github_MitjaNemec_Archive3DModels.archive_3d_models 138:Remapping: ${KISYS3DMOD}/LED_SMD.3dshapes/LED_0603_1608Metric.wrl
05-08 23:28:54 com_github_MitjaNemec_Archive3DModels.archive_3d_models 47:Getting 3D models for footprint of: H4
05-08 23:28:54 com_github_MitjaNemec_Archive3DModels.archive_3d_models 47:Getting 3D models for footprint of: C3
05-08 23:28:54 com_github_MitjaNemec_Archive3DModels.archive_3d_models 58:Trying to copy: ${KISYS3DMOD}/Capacitor_SMD.3dshapes/C_0603_1608Metric.wrl
05-08 23:28:54 com_github_MitjaNemec_Archive3DModels.archive_3d_models 73:Can not find model defined with enviroment variable:
${KISYS3DMOD}/Capacitor_SMD.3dshapes/C_0603_1608Metric.wrl
05-08 23:28:54 com_github_MitjaNemec_Archive3DModels.archive_3d_models 134:Did not copy: ${KISYS3DMOD}/Capacitor_SMD.3dshapes/C_0603_1608Metric.wrl
05-08 23:28:54 com_github_MitjaNemec_Archive3DModels.archive_3d_models 138:Remapping: ${KISYS3DMOD}/Capacitor_SMD.3dshapes/C_0603_1608Metric.wrl
05-08 23:28:54 com_github_MitjaNemec_Archive3DModels.archive_3d_models 47:Getting 3D models for footprint of: U1
05-08 23:28:54 com_github_MitjaNemec_Archive3DModels.archive_3d_models 47:Getting 3D models for footprint of: R1
05-08 23:28:54 com_github_MitjaNemec_Archive3DModels.archive_3d_models 58:Trying to copy: ${KISYS3DMOD}/Resistor_SMD.3dshapes/R_0603_1608Metric.wrl
05-08 23:28:54 com_github_MitjaNemec_Archive3DModels.archive_3d_models 73:Can not find model defined with enviroment variable:
${KISYS3DMOD}/Resistor_SMD.3dshapes/R_0603_1608Metric.wrl
05-08 23:28:54 com_github_MitjaNemec_Archive3DModels.archive_3d_models 134:Did not copy: ${KISYS3DMOD}/Resistor_SMD.3dshapes/R_0603_1608Metric.wrl
05-08 23:28:54 com_github_MitjaNemec_Archive3DModels.archive_3d_models 138:Remapping: ${KISYS3DMOD}/Resistor_SMD.3dshapes/R_0603_1608Metric.wrl
05-08 23:28:54 com_github_MitjaNemec_Archive3DModels.archive_3d_models 47:Getting 3D models for footprint of: C5
05-08 23:28:54 com_github_MitjaNemec_Archive3DModels.archive_3d_models 58:Trying to copy: ${KISYS3DMOD}/Capacitor_SMD.3dshapes/C_0603_1608Metric.wrl
05-08 23:28:54 com_github_MitjaNemec_Archive3DModels.archive_3d_models 73:Can not find model defined with enviroment variable:
${KISYS3DMOD}/Capacitor_SMD.3dshapes/C_0603_1608Metric.wrl
05-08 23:28:54 com_github_MitjaNemec_Archive3DModels.archive_3d_models 134:Did not copy: ${KISYS3DMOD}/Capacitor_SMD.3dshapes/C_0603_1608Metric.wrl
05-08 23:28:54 com_github_MitjaNemec_Archive3DModels.archive_3d_models 138:Remapping: ${KISYS3DMOD}/Capacitor_SMD.3dshapes/C_0603_1608Metric.wrl
05-08 23:28:54 com_github_MitjaNemec_Archive3DModels.archive_3d_models 149:Did not succeed to copy 3D models!
('R2', '${KISYS3DMOD}/Resistor_SMD.3dshapes/R_0603_1608Metric.wrl')
('U2', '${KISYS3DMOD}/Package_TO_SOT_SMD.3dshapes/SOT-23-5.wrl')
('J1', '${KISYS3DMOD}/Connector_JST.3dshapes/JST_PH_B2B-PH-SM4-TB_1x02-1MP_P2.00mm_Vertical.wrl')
('J2', '${KISYS3DMOD}/Connector_JST.3dshapes/JST_PH_B3B-PH-SM4-TB_1x03-1MP_P2.00mm_Vertical.wrl')
('C1', '${KISYS3DMOD}/Capacitor_SMD.3dshapes/C_0603_1608Metric.wrl')
('C2', '${KISYS3DMOD}/Capacitor_SMD.3dshapes/C_0603_1608Metric.wrl')
('C4', '${KISYS3DMOD}/Capacitor_SMD.3dshapes/C_0603_1608Metric.wrl')
('D1', '${KISYS3DMOD}/LED_SMD.3dshapes/LED_0603_1608Metric.wrl')
('C3', '${KISYS3DMOD}/Capacitor_SMD.3dshapes/C_0603_1608Metric.wrl')
('R1', '${KISYS3DMOD}/Resistor_SMD.3dshapes/R_0603_1608Metric.wrl')
('C5', '${KISYS3DMOD}/Capacitor_SMD.3dshapes/C_0603_1608Metric.wrl')
